Running: D:\Softwares\14.7\ISE_DS\ISE\bin\nt64\unwrapped\fuse.exe -intstyle ise -incremental -lib unisims_ver -lib unimacro_ver -lib xilinxcorelib_ver -lib secureip -o D:/KGP Semesters/SEM 5/COA LAB/Assignments/Assign 3/Ripple_Carry_Adder/Ripple_Carry_Adder_4_bit_tb_isim_beh.exe -prj D:/KGP Semesters/SEM 5/COA LAB/Assignments/Assign 3/Ripple_Carry_Adder/Ripple_Carry_Adder_4_bit_tb_beh.prj work.Ripple_Carry_Adder_4_bit_tb work.glbl 
ISim P.20131013 (signature 0x7708f090)
Number of CPUs detected in this system: 8
Turning on mult-threading, number of parallel sub-compilation jobs: 16 
Determining compilation order of HDL files
Analyzing Verilog file "D:/KGP Semesters/SEM 5/COA LAB/Assignments/Assign 3/Ripple_Carry_Adder/full_adder.v" into library work
Analyzing Verilog file "D:/KGP Semesters/SEM 5/COA LAB/Assignments/Assign 3/Ripple_Carry_Adder/Ripple_Carry_Adder_4_bit.v" into library work
Analyzing Verilog file "D:/KGP Semesters/SEM 5/COA LAB/Assignments/Assign 3/Ripple_Carry_Adder/Ripple_Carry_Adder_4_bit_tb.v" into library work
Analyzing Verilog file "D:/Softwares/14.7/ISE_DS/ISE//verilog/src/glbl.v" into library work
Starting static elaboration
Completed static elaboration
Compiling module full_adder
Compiling module Ripple_Carry_Adder_4_bit
Compiling module Ripple_Carry_Adder_4_bit_tb
Compiling module glbl
Time Resolution for simulation is 1ps.
Waiting for 1 sub-compilation(s) to finish...
Compiled 4 Verilog Units
Built simulation executable D:/KGP Semesters/SEM 5/COA LAB/Assignments/Assign 3/Ripple_Carry_Adder/Ripple_Carry_Adder_4_bit_tb_isim_beh.exe
Fuse Memory Usage: 27932 KB
Fuse CPU Usage: 452 ms
