Command line:
   mux_32_3X1_isim_beh.exe
     -simmode  gui
     -simrunnum  0
     -socket  50430

Wed Nov 09 12:50:25 2022


 Elaboration Time: 0 sec

 Current Memory Usage: 5150.11 Meg

 Total Signals          : 17
 Total Nets             : 143
 Total Signal Drivers   : 6
 Total Blocks           : 2
 Total Primitive Blocks : 2
 Total Processes        : 8
 Total Traceable Variables  : 19
 Total Scalar Nets and Variables : 255
Total Line Count : 20

 Total Simulation Time: 0 sec

 Current Memory Usage: 5150.11 Meg

Wed Nov 09 12:50:29 2022

