Command line:
   Optimised_CLA_4_bit_isim_beh.exe
     -simmode  gui
     -simrunnum  0
     -socket  57802

Wed Sep 14 14:31:53 2022


 Elaboration Time: 0.046875 sec

 Current Memory Usage: 5150.68 Meg

 Total Signals          : 19
 Total Nets             : 34
 Total Signal Drivers   : 11
 Total Blocks           : 2
 Total Primitive Blocks : 2
 Total Processes        : 12
 Total Traceable Variables  : 18
 Total Scalar Nets and Variables : 114
Total Line Count : 20

 Total Simulation Time: 0.0625 sec

 Current Memory Usage: 5150.68 Meg

Wed Sep 14 14:31:57 2022

