Release 14.7 - xst P.20131013 (nt64)
Copyright (c) 1995-2013 Xilinx, Inc.  All rights reserved.
--> Parameter TMPDIR set to xst/projnav.tmp


Total REAL time to Xst completion: 0.00 secs
Total CPU time to Xst completion: 0.75 secs
 
--> Parameter xsthdpdir set to xst


Total REAL time to Xst completion: 0.00 secs
Total CPU time to Xst completion: 0.75 secs
 
--> Reading design: clock_divider.prj

TABLE OF CONTENTS
  1) Synthesis Options Summary
  2) HDL Parsing
  3) HDL Elaboration
  4) HDL Synthesis
       4.1) HDL Synthesis Report
  5) Advanced HDL Synthesis
       5.1) Advanced HDL Synthesis Report
  6) Low Level Synthesis
  7) Partition Report
  8) Design Summary
       8.1) Primitive and Black Box Usage
       8.2) Device utilization summary
       8.3) Partition Resource Summary
       8.4) Timing Report
            8.4.1) Clock Information
            8.4.2) Asynchronous Control Signals Information
            8.4.3) Timing Summary
            8.4.4) Timing Details
            8.4.5) Cross Clock Domains Report


=========================================================================
*                      Synthesis Options Summary                        *
=========================================================================
---- Source Parameters
Input File Name                    : "clock_divider.prj"
Ignore Synthesis Constraint File   : NO

---- Target Parameters
Output File Name                   : "clock_divider"
Output Format                      : NGC
Target Device                      : xc7a100t-1-csg324

---- Source Options
Top Module Name                    : clock_divider
Automatic FSM Extraction           : YES
FSM Encoding Algorithm             : Auto
Safe Implementation                : No
FSM Style                          : LUT
RAM Extraction                     : Yes
RAM Style                          : Auto
ROM Extraction                     : Yes
Shift Register Extraction          : YES
ROM Style                          : Auto
Resource Sharing                   : YES
Asynchronous To Synchronous        : NO
Shift Register Minimum Size        : 2
Use DSP Block                      : Auto
Automatic Register Balancing       : No

---- Target Options
LUT Combining                      : Auto
Reduce Control Sets                : Auto
Add IO Buffers                     : YES
Global Maximum Fanout              : 100000
Add Generic Clock Buffer(BUFG)     : 32
Register Duplication               : YES
Optimize Instantiated Primitives   : NO
Use Clock Enable                   : Auto
Use Synchronous Set                : Auto
Use Synchronous Reset              : Auto
Pack IO Registers into IOBs        : Auto
Equivalent register Removal        : YES

---- General Options
Optimization Goal                  : Speed
Optimization Effort                : 1
Power Reduction                    : NO
Keep Hierarchy                     : No
Netlist Hierarchy                  : As_Optimized
RTL Output                         : Yes
Global Optimization                : AllClockNets
Read Cores                         : YES
Write Timing Constraints           : NO
Cross Clock Analysis               : NO
Hierarchy Separator                : /
Bus Delimiter                      : <>
Case Specifier                     : Maintain
Slice Utilization Ratio            : 100
BRAM Utilization Ratio             : 100
DSP48 Utilization Ratio            : 100
Auto BRAM Packing                  : NO
Slice Utilization Ratio Delta      : 5

=========================================================================


=========================================================================
*                          HDL Parsing                                  *
=========================================================================
Analyzing Verilog file "C:\Users\Saransh Sharma\OneDrive\Documents\GitHub\COA-Lab-22\Assignments\Assign 5\binary_counter\clock_divider.v" into library work
Parsing module <clock_divider>.

=========================================================================
*                            HDL Elaboration                            *
=========================================================================

Elaborating module <clock_divider>.

=========================================================================
*                           HDL Synthesis                               *
=========================================================================

Synthesizing Unit <clock_divider>.
    Related source file is "C:\Users\Saransh Sharma\OneDrive\Documents\GitHub\COA-Lab-22\Assignments\Assign 5\binary_counter\clock_divider.v".
        DIVISOR = 8'b00000101
    Found 1-bit register for signal <clock_out>.
    Found 8-bit register for signal <counter>.
    Found 8-bit adder for signal <counter[7]_GND_1_o_add_1_OUT> created at line 70.
    Found 8-bit comparator greater for signal <n0001> created at line 71
    Found 8-bit comparator greater for signal <counter[7]_GND_1_o_LessThan_5_o> created at line 73
    Summary:
	inferred   1 Adder/Subtractor(s).
	inferred   9 D-type flip-flop(s).
	inferred   2 Comparator(s).
Unit <clock_divider> synthesized.

=========================================================================
HDL Synthesis Report

Macro Statistics
# Adders/Subtractors                                   : 1
 8-bit adder                                           : 1
# Registers                                            : 2
 1-bit register                                        : 1
 8-bit register                                        : 1
# Comparators                                          : 2
 8-bit comparator greater                              : 2

=========================================================================

=========================================================================
*                       Advanced HDL Synthesis                          *
=========================================================================


Synthesizing (advanced) Unit <clock_divider>.
The following registers are absorbed into counter <counter>: 1 register on signal <counter>.
Unit <clock_divider> synthesized (advanced).

=========================================================================
Advanced HDL Synthesis Report

Macro Statistics
# Counters                                             : 1
 8-bit up counter                                      : 1
# Registers                                            : 1
 Flip-Flops                                            : 1
# Comparators                                          : 2
 8-bit comparator greater                              : 2

=========================================================================

=========================================================================
*                         Low Level Synthesis                           *
=========================================================================

Optimizing unit <clock_divider> ...
WARNING:Xst:1293 - FF/Latch <counter_3> has a constant value of 0 in block <clock_divider>. This FF/Latch will be trimmed during the optimization process.
WARNING:Xst:1896 - Due to other FF/Latch trimming, FF/Latch <counter_4> has a constant value of 0 in block <clock_divider>. This FF/Latch will be trimmed during the optimization process.
WARNING:Xst:1896 - Due to other FF/Latch trimming, FF/Latch <counter_5> has a constant value of 0 in block <clock_divider>. This FF/Latch will be trimmed during the optimization process.
WARNING:Xst:1896 - Due to other FF/Latch trimming, FF/Latch <counter_6> has a constant value of 0 in block <clock_divider>. This FF/Latch will be trimmed during the optimization process.
WARNING:Xst:1896 - Due to other FF/Latch trimming, FF/Latch <counter_7> has a constant value of 0 in block <clock_divider>. This FF/Latch will be trimmed during the optimization process.

Mapping all equations...
Building and optimizing final netlist ...
Found area constraint ratio of 100 (+ 5) on block clock_divider, actual ratio is 0.

Final Macro Processing ...

=========================================================================
Final Register Report

Macro Statistics
# Registers                                            : 4
 Flip-Flops                                            : 4

=========================================================================

=========================================================================
*                           Partition Report                            *
=========================================================================

Partition Implementation Status
-------------------------------

  No Partitions were found in this design.

-------------------------------

=========================================================================
*                            Design Summary                             *
=========================================================================

Top Level Output File Name         : clock_divider.ngc

Primitive and Black Box Usage:
------------------------------
# BELS                             : 11
#      GND                         : 1
#      INV                         : 1
#      LUT1                        : 2
#      LUT2                        : 1
#      MUXCY                       : 2
#      VCC                         : 1
#      XORCY                       : 3
# FlipFlops/Latches                : 4
#      FD                          : 1
#      FDR                         : 3
# Clock Buffers                    : 1
#      BUFGP                       : 1
# IO Buffers                       : 1
#      OBUF                        : 1

Device utilization summary:
---------------------------

Selected Device : 7a100tcsg324-1 


Slice Logic Utilization: 
 Number of Slice Registers:               4  out of  126800     0%  
 Number of Slice LUTs:                    4  out of  63400     0%  
    Number used as Logic:                 4  out of  63400     0%  

Slice Logic Distribution: 
 Number of LUT Flip Flop pairs used:      8
   Number with an unused Flip Flop:       4  out of      8    50%  
   Number with an unused LUT:             4  out of      8    50%  
   Number of fully used LUT-FF pairs:     0  out of      8     0%  
   Number of unique control sets:         2

IO Utilization: 
 Number of IOs:                           2
 Number of bonded IOBs:                   2  out of    210     0%  

Specific Feature Utilization:
 Number of BUFG/BUFGCTRLs:                1  out of     32     3%  

---------------------------
Partition Resource Summary:
---------------------------

  No Partitions were found in this design.

---------------------------


=========================================================================
Timing Report

NOTE: THESE TIMING NUMBERS ARE ONLY A SYNTHESIS ESTIMATE.
      FOR ACCURATE TIMING INFORMATION PLEASE REFER TO THE TRACE REPORT
      GENERATED AFTER PLACE-and-ROUTE.

Clock Information:
------------------
-----------------------------------+------------------------+-------+
Clock Signal                       | Clock buffer(FF name)  | Load  |
-----------------------------------+------------------------+-------+
clock_in                           | BUFGP                  | 4     |
-----------------------------------+------------------------+-------+

Asynchronous Control Signals Information:
----------------------------------------
No asynchronous control signals found in this design

Timing Summary:
---------------
Speed Grade: -1

   Minimum period: 2.064ns (Maximum Frequency: 484.437MHz)
   Minimum input arrival time before clock: No path found
   Maximum output required time after clock: 0.877ns
   Maximum combinational path delay: No path found

Timing Details:
---------------
All values displayed in nanoseconds (ns)

=========================================================================
Timing constraint: Default period analysis for Clock 'clock_in'
  Clock period: 2.064ns (frequency: 484.437MHz)
  Total number of paths / destination ports: 11 / 7
-------------------------------------------------------------------------
Delay:               2.064ns (Levels of Logic = 4)
  Source:            counter_0 (FF)
  Destination:       counter_2 (FF)
  Source Clock:      clock_in rising
  Destination Clock: clock_in rising

  Data Path: counter_0 to counter_2
                                Gate     Net
    Cell:in->out      fanout   Delay   Delay  Logical Name (Net Name)
    ----------------------------------------  ------------
     FDR:C->Q              1   0.478   0.399  counter_0 (counter_0)
     INV:I->O              1   0.146   0.000  Mcount_counter_lut<0>_INV_0 (Mcount_counter_lut<0>)
     MUXCY:S->O            1   0.472   0.000  Mcount_counter_cy<0> (Mcount_counter_cy<0>)
     MUXCY:CI->O           0   0.029   0.000  Mcount_counter_cy<1> (Mcount_counter_cy<1>)
     XORCY:CI->O           1   0.510   0.000  Mcount_counter_xor<2> (Result<2>)
     FDR:D                     0.030          counter_2
    ----------------------------------------
    Total                      2.064ns (1.665ns logic, 0.399ns route)
                                       (80.7% logic, 19.3% route)

=========================================================================
Timing constraint: Default OFFSET OUT AFTER for Clock 'clock_in'
  Total number of paths / destination ports: 1 / 1
-------------------------------------------------------------------------
Offset:              0.877ns (Levels of Logic = 1)
  Source:            clock_out (FF)
  Destination:       clock_out (PAD)
  Source Clock:      clock_in rising

  Data Path: clock_out to clock_out
                                Gate     Net
    Cell:in->out      fanout   Delay   Delay  Logical Name (Net Name)
    ----------------------------------------  ------------
     FD:C->Q               1   0.478   0.399  clock_out (clock_out_OBUF)
     OBUF:I->O                 0.000          clock_out_OBUF (clock_out)
    ----------------------------------------
    Total                      0.877ns (0.478ns logic, 0.399ns route)
                                       (54.5% logic, 45.5% route)

=========================================================================

Cross Clock Domains Report:
--------------------------

Clock to Setup on destination clock clock_in
---------------+---------+---------+---------+---------+
               | Src:Rise| Src:Fall| Src:Rise| Src:Fall|
Source Clock   |Dest:Rise|Dest:Rise|Dest:Fall|Dest:Fall|
---------------+---------+---------+---------+---------+
clock_in       |    2.064|         |         |         |
---------------+---------+---------+---------+---------+

=========================================================================


Total REAL time to Xst completion: 15.00 secs
Total CPU time to Xst completion: 15.77 secs
 
--> 

Total memory usage is 4618004 kilobytes

Number of errors   :    0 (   0 filtered)
Number of warnings :    5 (   0 filtered)
Number of infos    :    0 (   0 filtered)

