Release 14.7 - xst P.20131013 (nt64)
Copyright (c) 1995-2013 Xilinx, Inc.  All rights reserved.
--> Parameter TMPDIR set to xst/projnav.tmp


Total REAL time to Xst completion: 1.00 secs
Total CPU time to Xst completion: 0.10 secs
 
--> Parameter xsthdpdir set to xst


Total REAL time to Xst completion: 1.00 secs
Total CPU time to Xst completion: 0.10 secs
 
--> Reading design: accumulator.prj

TABLE OF CONTENTS
  1) Synthesis Options Summary
  2) HDL Parsing
  3) HDL Elaboration
  4) HDL Synthesis
       4.1) HDL Synthesis Report
  5) Advanced HDL Synthesis
       5.1) Advanced HDL Synthesis Report
  6) Low Level Synthesis
  7) Partition Report
  8) Design Summary
       8.1) Primitive and Black Box Usage
       8.2) Device utilization summary
       8.3) Partition Resource Summary
       8.4) Timing Report
            8.4.1) Clock Information
            8.4.2) Asynchronous Control Signals Information
            8.4.3) Timing Summary
            8.4.4) Timing Details
            8.4.5) Cross Clock Domains Report


=========================================================================
*                      Synthesis Options Summary                        *
=========================================================================
---- Source Parameters
Input File Name                    : "accumulator.prj"
Ignore Synthesis Constraint File   : NO

---- Target Parameters
Output File Name                   : "accumulator"
Output Format                      : NGC
Target Device                      : xc7a100t-3-csg324

---- Source Options
Top Module Name                    : accumulator
Automatic FSM Extraction           : YES
FSM Encoding Algorithm             : Auto
Safe Implementation                : No
FSM Style                          : LUT
RAM Extraction                     : Yes
RAM Style                          : Auto
ROM Extraction                     : Yes
Shift Register Extraction          : YES
ROM Style                          : Auto
Resource Sharing                   : YES
Asynchronous To Synchronous        : NO
Shift Register Minimum Size        : 2
Use DSP Block                      : Auto
Automatic Register Balancing       : No

---- Target Options
LUT Combining                      : Auto
Reduce Control Sets                : Auto
Add IO Buffers                     : YES
Global Maximum Fanout              : 100000
Add Generic Clock Buffer(BUFG)     : 32
Register Duplication               : YES
Optimize Instantiated Primitives   : NO
Use Clock Enable                   : Auto
Use Synchronous Set                : Auto
Use Synchronous Reset              : Auto
Pack IO Registers into IOBs        : Auto
Equivalent register Removal        : YES

---- General Options
Optimization Goal                  : Speed
Optimization Effort                : 1
Power Reduction                    : NO
Keep Hierarchy                     : No
Netlist Hierarchy                  : As_Optimized
RTL Output                         : Yes
Global Optimization                : AllClockNets
Read Cores                         : YES
Write Timing Constraints           : NO
Cross Clock Analysis               : NO
Hierarchy Separator                : /
Bus Delimiter                      : <>
Case Specifier                     : Maintain
Slice Utilization Ratio            : 100
BRAM Utilization Ratio             : 100
DSP48 Utilization Ratio            : 100
Auto BRAM Packing                  : NO
Slice Utilization Ratio Delta      : 5

=========================================================================


=========================================================================
*                          HDL Parsing                                  *
=========================================================================
Analyzing Verilog file "F:\ISE Project\Accumulator\half_addr.v" into library work
Parsing module <half_addr>.
Analyzing Verilog file "F:\ISE Project\Accumulator\full_addr.v" into library work
Parsing module <full_addr>.
Analyzing Verilog file "F:\ISE Project\Accumulator\dff.v" into library work
Parsing module <dff>.
Analyzing Verilog file "F:\ISE Project\Accumulator\adder_struct.v" into library work
Parsing module <adder_struct>.
Analyzing Verilog file "F:\ISE Project\Accumulator\accumulator.v" into library work
Parsing module <accumulator>.

=========================================================================
*                            HDL Elaboration                            *
=========================================================================

Elaborating module <accumulator>.

Elaborating module <adder_struct>.

Elaborating module <half_addr>.

Elaborating module <full_addr>.

Elaborating module <dff>.

=========================================================================
*                           HDL Synthesis                               *
=========================================================================

Synthesizing Unit <accumulator>.
    Related source file is "F:\ISE Project\Accumulator\accumulator.v".
    Summary:
	no macro.
Unit <accumulator> synthesized.

Synthesizing Unit <adder_struct>.
    Related source file is "F:\ISE Project\Accumulator\adder_struct.v".
INFO:Xst:3210 - "F:\ISE Project\Accumulator\adder_struct.v" line 27: Output port <cout> of the instance <addr5> is unconnected or connected to loadless signal.
    Summary:
	no macro.
Unit <adder_struct> synthesized.

Synthesizing Unit <half_addr>.
    Related source file is "F:\ISE Project\Accumulator\half_addr.v".
    Summary:
Unit <half_addr> synthesized.

Synthesizing Unit <full_addr>.
    Related source file is "F:\ISE Project\Accumulator\full_addr.v".
    Summary:
Unit <full_addr> synthesized.

Synthesizing Unit <dff>.
    Related source file is "F:\ISE Project\Accumulator\dff.v".
    Found 5-bit register for signal <out>.
    Summary:
	inferred   5 D-type flip-flop(s).
Unit <dff> synthesized.

=========================================================================
HDL Synthesis Report

Macro Statistics
# Registers                                            : 1
 5-bit register                                        : 1
# Xors                                                 : 9
 1-bit xor2                                            : 5
 1-bit xor3                                            : 4

=========================================================================

=========================================================================
*                       Advanced HDL Synthesis                          *
=========================================================================


=========================================================================
Advanced HDL Synthesis Report

Macro Statistics
# Registers                                            : 5
 Flip-Flops                                            : 5
# Xors                                                 : 9
 1-bit xor2                                            : 5
 1-bit xor3                                            : 4

=========================================================================

=========================================================================
*                         Low Level Synthesis                           *
=========================================================================

Optimizing unit <accumulator> ...

Mapping all equations...
Building and optimizing final netlist ...
Found area constraint ratio of 100 (+ 5) on block accumulator, actual ratio is 0.

Final Macro Processing ...

=========================================================================
Final Register Report

Macro Statistics
# Registers                                            : 5
 Flip-Flops                                            : 5

=========================================================================

=========================================================================
*                           Partition Report                            *
=========================================================================

Partition Implementation Status
-------------------------------

  No Partitions were found in this design.

-------------------------------

=========================================================================
*                            Design Summary                             *
=========================================================================

Top Level Output File Name         : accumulator.ngc

Primitive and Black Box Usage:
------------------------------
# BELS                             : 6
#      LUT2                        : 1
#      LUT3                        : 1
#      LUT4                        : 2
#      LUT6                        : 2
# FlipFlops/Latches                : 5
#      FDR                         : 5
# Clock Buffers                    : 1
#      BUFGP                       : 1
# IO Buffers                       : 10
#      IBUF                        : 5
#      OBUF                        : 5

Device utilization summary:
---------------------------

Selected Device : 7a100tcsg324-3 


Slice Logic Utilization: 
 Number of Slice Registers:               5  out of  126800     0%  
 Number of Slice LUTs:                    6  out of  63400     0%  
    Number used as Logic:                 6  out of  63400     0%  

Slice Logic Distribution: 
 Number of LUT Flip Flop pairs used:     11
   Number with an unused Flip Flop:       6  out of     11    54%  
   Number with an unused LUT:             5  out of     11    45%  
   Number of fully used LUT-FF pairs:     0  out of     11     0%  
   Number of unique control sets:         1

IO Utilization: 
 Number of IOs:                          11
 Number of bonded IOBs:                  11  out of    210     5%  

Specific Feature Utilization:
 Number of BUFG/BUFGCTRLs:                1  out of     32     3%  

---------------------------
Partition Resource Summary:
---------------------------

  No Partitions were found in this design.

---------------------------


=========================================================================
Timing Report

NOTE: THESE TIMING NUMBERS ARE ONLY A SYNTHESIS ESTIMATE.
      FOR ACCURATE TIMING INFORMATION PLEASE REFER TO THE TRACE REPORT
      GENERATED AFTER PLACE-and-ROUTE.

Clock Information:
------------------
-----------------------------------+------------------------+-------+
Clock Signal                       | Clock buffer(FF name)  | Load  |
-----------------------------------+------------------------+-------+
clk                                | BUFGP                  | 5     |
-----------------------------------+------------------------+-------+

Asynchronous Control Signals Information:
----------------------------------------
No asynchronous control signals found in this design

Timing Summary:
---------------
Speed Grade: -3

   Minimum period: 1.384ns (Maximum Frequency: 722.752MHz)
   Minimum input arrival time before clock: 1.210ns
   Maximum output required time after clock: 0.659ns
   Maximum combinational path delay: No path found

Timing Details:
---------------
All values displayed in nanoseconds (ns)

=========================================================================
Timing constraint: Default period analysis for Clock 'clk'
  Clock period: 1.384ns (frequency: 722.752MHz)
  Total number of paths / destination ports: 15 / 5
-------------------------------------------------------------------------
Delay:               1.384ns (Levels of Logic = 2)
  Source:            mod/out_2 (FF)
  Destination:       mod/out_4 (FF)
  Source Clock:      clk rising
  Destination Clock: clk rising

  Data Path: mod/out_2 to mod/out_4
                                Gate     Net
    Cell:in->out      fanout   Delay   Delay  Logical Name (Net Name)
    ----------------------------------------  ------------
     FDR:C->Q              3   0.361   0.521  mod/out_2 (mod/out_2)
     LUT6:I3->O            2   0.097   0.299  add/addr3/cout1 (add/c_out3)
     LUT4:I3->O            1   0.097   0.000  add/addr5/g11_xo<0>1 (dff_in<4>)
     FDR:D                     0.008          mod/out_4
    ----------------------------------------
    Total                      1.384ns (0.563ns logic, 0.821ns route)
                                       (40.7% logic, 59.3% route)

=========================================================================
Timing constraint: Default OFFSET IN BEFORE for Clock 'clk'
  Total number of paths / destination ports: 19 / 10
-------------------------------------------------------------------------
Offset:              1.210ns (Levels of Logic = 3)
  Source:            in<0> (PAD)
  Destination:       mod/out_4 (FF)
  Destination Clock: clk rising

  Data Path: in<0> to mod/out_4
                                Gate     Net
    Cell:in->out      fanout   Delay   Delay  Logical Name (Net Name)
    ----------------------------------------  ------------
     IBUF:I->O             4   0.001   0.707  in_0_IBUF (in_0_IBUF)
     LUT6:I0->O            2   0.097   0.299  add/addr3/cout1 (add/c_out3)
     LUT4:I3->O            1   0.097   0.000  add/addr5/g11_xo<0>1 (dff_in<4>)
     FDR:D                     0.008          mod/out_4
    ----------------------------------------
    Total                      1.210ns (0.203ns logic, 1.007ns route)
                                       (16.8% logic, 83.2% route)

=========================================================================
Timing constraint: Default OFFSET OUT AFTER for Clock 'clk'
  Total number of paths / destination ports: 5 / 5
-------------------------------------------------------------------------
Offset:              0.659ns (Levels of Logic = 1)
  Source:            mod/out_0 (FF)
  Destination:       acc<0> (PAD)
  Source Clock:      clk rising

  Data Path: mod/out_0 to acc<0>
                                Gate     Net
    Cell:in->out      fanout   Delay   Delay  Logical Name (Net Name)
    ----------------------------------------  ------------
     FDR:C->Q              5   0.361   0.298  mod/out_0 (mod/out_0)
     OBUF:I->O                 0.000          acc_0_OBUF (acc<0>)
    ----------------------------------------
    Total                      0.659ns (0.361ns logic, 0.298ns route)
                                       (54.8% logic, 45.2% route)

=========================================================================

Cross Clock Domains Report:
--------------------------

Clock to Setup on destination clock clk
---------------+---------+---------+---------+---------+
               | Src:Rise| Src:Fall| Src:Rise| Src:Fall|
Source Clock   |Dest:Rise|Dest:Rise|Dest:Fall|Dest:Fall|
---------------+---------+---------+---------+---------+
clk            |    1.384|         |         |         |
---------------+---------+---------+---------+---------+

=========================================================================


Total REAL time to Xst completion: 9.00 secs
Total CPU time to Xst completion: 8.25 secs
 
--> 

Total memory usage is 4616256 kilobytes

Number of errors   :    0 (   0 filtered)
Number of warnings :    0 (   0 filtered)
Number of infos    :    1 (   0 filtered)

