Command line:
   Ripple_Carry_Subtractor_8bit_tb_isim_beh.exe
     -simmode  gui
     -simrunnum  0
     -socket  49280

Fri Aug 26 15:59:05 2022


 Elaboration Time: 0 sec

 Current Memory Usage: 5150.04 Meg

 Total Signals          : 85
 Total Nets             : 70
 Total Signal Drivers   : 48
 Total Blocks           : 11
 Total Primitive Blocks : 9
 Total Processes        : 50
 Total Traceable Variables  : 21
 Total Scalar Nets and Variables : 167
Total Line Count : 32

 Total Simulation Time: 0.03125 sec

 Current Memory Usage: 5464.61 Meg

Fri Aug 26 16:00:03 2022

