Command line:
   half_adder_tb_isim_beh.exe
     -simmode  gui
     -simrunnum  0
     -socket  49970

Fri Aug 26 13:08:31 2022


 Elaboration Time: 0.046875 sec

 Current Memory Usage: 5150.06 Meg

 Total Signals          : 19
 Total Nets             : 17
 Total Signal Drivers   : 9
 Total Blocks           : 3
 Total Primitive Blocks : 2
 Total Processes        : 11
 Total Traceable Variables  : 20
 Total Scalar Nets and Variables : 99
Total Line Count : 24

 Total Simulation Time: 0.390625 sec

 Current Memory Usage: 4835.48 Meg

Fri Aug 26 13:14:54 2022

