Command line:
   instr_memory_tb_isim_beh.exe
     -simmode  gui
     -simrunnum  0
     -socket  63713

Fri Oct 28 16:04:50 2022


 Elaboration Time: 0.0625 sec

 Current Memory Usage: 5150.2 Meg

 Total Signals          : 158
 Total Nets             : 759
 Total Signal Drivers   : 65
 Total Blocks           : 19
 Total Primitive Blocks : 15
 Total Processes        : 79
 Total Traceable Variables  : 338
 Total Scalar Nets and Variables : 313996
Total Line Count : 424

 Total Simulation Time: 0.09375 sec

 Current Memory Usage: 5150.2 Meg

Fri Oct 28 16:05:05 2022

