Command line:
   CLA_4_bit_augmented_tb_isim_beh.exe
     -simmode  gui
     -simrunnum  0
     -socket  54965

Wed Aug 31 14:21:12 2022


 Elaboration Time: 0.015625 sec

 Current Memory Usage: 5150.01 Meg

 Total Signals          : 25
 Total Nets             : 40
 Total Signal Drivers   : 17
 Total Blocks           : 3
 Total Primitive Blocks : 2
 Total Processes        : 19
 Total Traceable Variables  : 21
 Total Scalar Nets and Variables : 129
Total Line Count : 36

 Total Simulation Time: 0.09375 sec

 Current Memory Usage: 5150.01 Meg

Wed Aug 31 14:21:34 2022

