Command line:
   branch_mechanism_tb_isim_beh.exe
     -simmode  gui
     -simrunnum  0
     -socket  59967

Thu Oct 27 01:23:48 2022


 Elaboration Time: 0.015625 sec

 Current Memory Usage: 5150.1 Meg

 Total Signals          : 27
 Total Nets             : 180
 Total Signal Drivers   : 15
 Total Blocks           : 4
 Total Primitive Blocks : 2
 Total Processes        : 19
 Total Traceable Variables  : 29
 Total Scalar Nets and Variables : 459
Total Line Count : 73

 Total Simulation Time: 0.078125 sec

 Current Memory Usage: 5464.67 Meg

Thu Oct 27 01:24:28 2022

