Command line:
   program_counter_isim_beh.exe
     -simmode  gui
     -simrunnum  0
     -socket  56969

Fri Nov 04 11:18:12 2022


 Elaboration Time: 0.03125 sec

 Current Memory Usage: 5150.67 Meg

 Total Signals          : 16
 Total Nets             : 54
 Total Signal Drivers   : 7
 Total Blocks           : 2
 Total Primitive Blocks : 2
 Total Processes        : 9
 Total Traceable Variables  : 20
 Total Scalar Nets and Variables : 160
Total Line Count : 21

 Total Simulation Time: 0.078125 sec

 Current Memory Usage: 5150.67 Meg

Fri Nov 04 11:18:21 2022

