Command line:
   bit_extend_unit_isim_beh.exe
     -simmode  gui
     -simrunnum  0
     -socket  49931

Wed Nov 09 11:46:08 2022


 Elaboration Time: 0.015625 sec

 Current Memory Usage: 5150.11 Meg

 Total Signals          : 16
 Total Nets             : 156
 Total Signal Drivers   : 8
 Total Blocks           : 2
 Total Primitive Blocks : 2
 Total Processes        : 10
 Total Traceable Variables  : 23
 Total Scalar Nets and Variables : 396
Total Line Count : 20

 Total Simulation Time: 0.0625 sec

 Current Memory Usage: 5150.11 Meg

Wed Nov 09 11:46:13 2022

