Command line:
   Ripple_Carry_Adder_32bit_tb_isim_beh.exe
     -simmode  gui
     -simrunnum  0
     -socket  50486

Fri Aug 26 13:18:17 2022


 Elaboration Time: 0.015625 sec

 Current Memory Usage: 5150 Meg

 Total Signals          : 313
 Total Nets             : 238
 Total Signal Drivers   : 168
 Total Blocks           : 41
 Total Primitive Blocks : 33
 Total Processes        : 170
 Total Traceable Variables  : 21
 Total Scalar Nets and Variables : 383
Total Line Count : 27

 Total Simulation Time: 0.0625 sec

 Current Memory Usage: 5464.57 Meg

Fri Aug 26 13:19:14 2022

