Release 14.7 - ngc2edif P.20131013 (nt64)
Copyright (c) 1995-2013 Xilinx, Inc.  All rights reserved.
Reading design KGP_RISC.ngc ...
WARNING:NetListWriters:298 - No output is written to KGP_RISC.xncf, ignored.
Processing design ...
   Preping design's networks ...
   Preping design's macros ...
WARNING:NetListWriters:306 - Signal bus Data/mem_reg_out[29 : 0] on block
   KGP_RISC is not reconstructed, because there are some missing bus signals.
WARNING:NetListWriters:306 - Signal bus Data/result[31 : 5] on block KGP_RISC is
   not reconstructed, because there are some missing bus signals.
WARNING:NetListWriters:306 - Signal bus Data/alu/diff/tem4[31 : 2] on block
   KGP_RISC is not reconstructed, because there are some missing bus signals.
WARNING:NetListWriters:306 - Signal bus Data/alu/muxOut[31 : 0] on block
   KGP_RISC is not reconstructed, because there are some missing bus signals.
  finished :Prep
Writing EDIF netlist file KGP_RISC.edif ...
ngc2edif: Total memory usage is 4319648 kilobytes

Release 14.7 - ngc2edif P.20131013 (nt64)
Copyright (c) 1995-2013 Xilinx, Inc.  All rights reserved.
Reading design data_memory_bram.ngc ...
WARNING:NetListWriters:298 - No output is written to data_memory_bram.xncf,
   ignored.
Processing design ...
   Preping design's networks ...
   Preping design's macros ...
  finished :Prep
Writing EDIF netlist file data_memory_bram.edif ...
ngc2edif: Total memory usage is 4311776 kilobytes

