Command line:
   Ripple_Carry_Adder_4_bit_tb_isim_beh.exe
     -simmode  gui
     -simrunnum  0
     -socket  57511

Wed Aug 31 12:10:35 2022


 Elaboration Time: 0.046875 sec

 Current Memory Usage: 5150.61 Meg

 Total Signals          : 53
 Total Nets             : 42
 Total Signal Drivers   : 28
 Total Blocks           : 7
 Total Primitive Blocks : 5
 Total Processes        : 30
 Total Traceable Variables  : 21
 Total Scalar Nets and Variables : 131
Total Line Count : 27

 Total Simulation Time: 0.0625 sec

 Current Memory Usage: 5150.61 Meg

Wed Aug 31 12:10:54 2022

