Command line:
   KGP_RISC_tb_isim_beh.exe
     -simmode  gui
     -simrunnum  0
     -socket  56971

Fri Nov 04 11:18:31 2022


 Elaboration Time: 0.03125 sec

 Current Memory Usage: 5154.47 Meg

 Total Signals          : 531
 Total Nets             : 2359
 Total Signal Drivers   : 244
 Total Blocks           : 65
 Total Primitive Blocks : 50
 Total Processes        : 284
 Total Traceable Variables  : 689
 Total Scalar Nets and Variables : 408963
Total Line Count : 1155

 Total Simulation Time: 0.203125 sec

 Current Memory Usage: 5154.47 Meg

Fri Nov 04 11:18:57 2022

