Command line:
   Ripple_Carry_Adder_8bit_tb_isim_beh.exe
     -simmode  gui
     -simrunnum  0
     -socket  54448

Fri Aug 26 00:18:40 2022


 Elaboration Time: 0.0625 sec

 Current Memory Usage: 5150.02 Meg

 Total Signals          : 85
 Total Nets             : 70
 Total Signal Drivers   : 48
 Total Blocks           : 11
 Total Primitive Blocks : 9
 Total Processes        : 50
 Total Traceable Variables  : 21
 Total Scalar Nets and Variables : 167
Total Line Count : 29

 Total Simulation Time: 0.0625 sec

 Current Memory Usage: 4992.73 Meg

Fri Aug 26 00:20:04 2022

