Command line:
   Ripple_Carry_Adder_16bit_tb_isim_beh.exe
     -simmode  gui
     -simrunnum  0
     -socket  54575

Fri Aug 26 00:44:36 2022


 Elaboration Time: 0.03125 sec

 Current Memory Usage: 5150.09 Meg

 Total Signals          : 161
 Total Nets             : 126
 Total Signal Drivers   : 88
 Total Blocks           : 21
 Total Primitive Blocks : 17
 Total Processes        : 90
 Total Traceable Variables  : 21
 Total Scalar Nets and Variables : 239
Total Line Count : 27

 Total Simulation Time: 0.0625 sec

 Current Memory Usage: 5464.66 Meg

Fri Aug 26 00:45:23 2022

